<?xml version="1.0" encoding="UTF-8"?>
<testsuite xmlns:xsi="http://www.w3.org/2001/XMLSchema-instance" xsi:noNamespaceSchemaLocation="https://maven.apache.org/surefire/maven-surefire-plugin/xsd/surefire-test-report-3.0.xsd" version="3.0" name="com.simplilearn.testpage.HomePageTest" time="10.045" tests="3" errors="0" skipped="0" failures="0">
  <properties>
    <property name="java.specification.version" value="17"/>
    <property name="sun.cpu.isalist" value="amd64"/>
    <property name="sun.jnu.encoding" value="Cp1252"/>
    <property name="java.class.path" value="C:\Users\Swetha Andrews\eclipse-workspace\Simplilearn-Project\target\test-classes;C:\Users\Swetha Andrews\eclipse-workspace\Simplilearn-Project\target\classes;C:\Users\Swetha Andrews\.m2\repository\org\seleniumhq\selenium\selenium-java\4.11.0\selenium-java-4.11.0.jar;C:\Users\Swetha Andrews\.m2\repository\org\seleniumhq\selenium\selenium-api\4.11.0\selenium-api-4.11.0.jar;C:\Users\Swetha Andrews\.m2\repository\org\seleniumhq\selenium\selenium-chrome-driver\4.11.0\selenium-chrome-driver-4.11.0.jar;C:\Users\Swetha Andrews\.m2\repository\com\google\auto\service\auto-service-annotations\1.0.1\auto-service-annotations-1.0.1.jar;C:\Users\Swetha Andrews\.m2\repository\com\google\guava\guava\31.1-jre\guava-31.1-jre.jar;C:\Users\Swetha Andrews\.m2\repository\com\google\guava\failureaccess\1.0.1\failureaccess-1.0.1.jar;C:\Users\Swetha Andrews\.m2\repository\com\google\guava\listenablefuture\9999.0-empty-to-avoid-conflict-with-guava\listenablefuture-9999.0-empty-to-avoid-conflict-with-guava.jar;C:\Users\Swetha Andrews\.m2\repository\com\google\code\findbugs\jsr305\3.0.2\jsr305-3.0.2.jar;C:\Users\Swetha Andrews\.m2\repository\org\checkerframework\checker-qual\3.12.0\checker-qual-3.12.0.jar;C:\Users\Swetha Andrews\.m2\repository\com\google\errorprone\error_prone_annotations\2.11.0\error_prone_annotations-2.11.0.jar;C:\Users\Swetha Andrews\.m2\repository\com\google\j2objc\j2objc-annotations\1.3\j2objc-annotations-1.3.jar;C:\Users\Swetha Andrews\.m2\repository\org\seleniumhq\selenium\selenium-chromium-driver\4.11.0\selenium-chromium-driver-4.11.0.jar;C:\Users\Swetha Andrews\.m2\repository\org\seleniumhq\selenium\selenium-json\4.11.0\selenium-json-4.11.0.jar;C:\Users\Swetha Andrews\.m2\repository\org\seleniumhq\selenium\selenium-manager\4.11.0\selenium-manager-4.11.0.jar;C:\Users\Swetha Andrews\.m2\repository\org\seleniumhq\selenium\selenium-devtools-v113\4.11.0\selenium-devtools-v113-4.11.0.jar;C:\Users\Swetha Andrews\.m2\repository\org\seleniumhq\selenium\selenium-devtools-v114\4.11.0\selenium-devtools-v114-4.11.0.jar;C:\Users\Swetha Andrews\.m2\repository\org\seleniumhq\selenium\selenium-devtools-v115\4.11.0\selenium-devtools-v115-4.11.0.jar;C:\Users\Swetha Andrews\.m2\repository\org\seleniumhq\selenium\selenium-devtools-v85\4.11.0\selenium-devtools-v85-4.11.0.jar;C:\Users\Swetha Andrews\.m2\repository\org\seleniumhq\selenium\selenium-edge-driver\4.11.0\selenium-edge-driver-4.11.0.jar;C:\Users\Swetha Andrews\.m2\repository\org\seleniumhq\selenium\selenium-firefox-driver\4.11.0\selenium-firefox-driver-4.11.0.jar;C:\Users\Swetha Andrews\.m2\repository\org\seleniumhq\selenium\selenium-http\4.11.0\selenium-http-4.11.0.jar;C:\Users\Swetha Andrews\.m2\repository\dev\failsafe\failsafe\3.3.1\failsafe-3.3.1.jar;C:\Users\Swetha Andrews\.m2\repository\org\seleniumhq\selenium\selenium-ie-driver\4.11.0\selenium-ie-driver-4.11.0.jar;C:\Users\Swetha Andrews\.m2\repository\org\seleniumhq\selenium\selenium-remote-driver\4.11.0\selenium-remote-driver-4.11.0.jar;C:\Users\Swetha Andrews\.m2\repository\io\netty\netty-buffer\4.1.92.Final\netty-buffer-4.1.92.Final.jar;C:\Users\Swetha Andrews\.m2\repository\io\netty\netty-codec-http\4.1.92.Final\netty-codec-http-4.1.92.Final.jar;C:\Users\Swetha Andrews\.m2\repository\io\netty\netty-codec\4.1.92.Final\netty-codec-4.1.92.Final.jar;C:\Users\Swetha Andrews\.m2\repository\io\netty\netty-handler\4.1.92.Final\netty-handler-4.1.92.Final.jar;C:\Users\Swetha Andrews\.m2\repository\io\netty\netty-common\4.1.92.Final\netty-common-4.1.92.Final.jar;C:\Users\Swetha Andrews\.m2\repository\io\netty\netty-transport-classes-epoll\4.1.92.Final\netty-transport-classes-epoll-4.1.92.Final.jar;C:\Users\Swetha Andrews\.m2\repository\io\netty\netty-transport-classes-kqueue\4.1.92.Final\netty-transport-classes-kqueue-4.1.92.Final.jar;C:\Users\Swetha Andrews\.m2\repository\io\netty\netty-transport-native-epoll\4.1.92.Final\netty-transport-native-epoll-4.1.92.Final.jar;C:\Users\Swetha Andrews\.m2\repository\io\netty\netty-transport-native-kqueue\4.1.92.Final\netty-transport-native-kqueue-4.1.92.Final.jar;C:\Users\Swetha Andrews\.m2\repository\io\netty\netty-transport-native-unix-common\4.1.92.Final\netty-transport-native-unix-common-4.1.92.Final.jar;C:\Users\Swetha Andrews\.m2\repository\io\netty\netty-transport\4.1.92.Final\netty-transport-4.1.92.Final.jar;C:\Users\Swetha Andrews\.m2\repository\io\netty\netty-resolver\4.1.92.Final\netty-resolver-4.1.92.Final.jar;C:\Users\Swetha Andrews\.m2\repository\io\opentelemetry\opentelemetry-api\1.26.0\opentelemetry-api-1.26.0.jar;C:\Users\Swetha Andrews\.m2\repository\io\opentelemetry\opentelemetry-context\1.26.0\opentelemetry-context-1.26.0.jar;C:\Users\Swetha Andrews\.m2\repository\io\opentelemetry\opentelemetry-exporter-logging\1.26.0\opentelemetry-exporter-logging-1.26.0.jar;C:\Users\Swetha Andrews\.m2\repository\io\opentelemetry\opentelemetry-sdk-metrics\1.26.0\opentelemetry-sdk-metrics-1.26.0.jar;C:\Users\Swetha Andrews\.m2\repository\io\opentelemetry\opentelemetry-extension-incubator\1.26.0-alpha\opentelemetry-extension-incubator-1.26.0-alpha.jar;C:\Users\Swetha Andrews\.m2\repository\io\opentelemetry\opentelemetry-sdk-logs\1.26.0-alpha\opentelemetry-sdk-logs-1.26.0-alpha.jar;C:\Users\Swetha Andrews\.m2\repository\io\opentelemetry\opentelemetry-api-logs\1.26.0-alpha\opentelemetry-api-logs-1.26.0-alpha.jar;C:\Users\Swetha Andrews\.m2\repository\io\opentelemetry\opentelemetry-api-events\1.26.0-alpha\opentelemetry-api-events-1.26.0-alpha.jar;C:\Users\Swetha Andrews\.m2\repository\io\opentelemetry\opentelemetry-sdk-common\1.26.0\opentelemetry-sdk-common-1.26.0.jar;C:\Users\Swetha Andrews\.m2\repository\io\opentelemetry\opentelemetry-sdk-extension-autoconfigure-spi\1.26.0\opentelemetry-sdk-extension-autoconfigure-spi-1.26.0.jar;C:\Users\Swetha Andrews\.m2\repository\io\opentelemetry\opentelemetry-sdk-extension-autoconfigure\1.26.0-alpha\opentelemetry-sdk-extension-autoconfigure-1.26.0-alpha.jar;C:\Users\Swetha Andrews\.m2\repository\io\opentelemetry\opentelemetry-sdk-trace\1.26.0\opentelemetry-sdk-trace-1.26.0.jar;C:\Users\Swetha Andrews\.m2\repository\io\opentelemetry\opentelemetry-sdk\1.26.0\opentelemetry-sdk-1.26.0.jar;C:\Users\Swetha Andrews\.m2\repository\io\opentelemetry\opentelemetry-semconv\1.26.0-alpha\opentelemetry-semconv-1.26.0-alpha.jar;C:\Users\Swetha Andrews\.m2\repository\net\bytebuddy\byte-buddy\1.14.4\byte-buddy-1.14.4.jar;C:\Users\Swetha Andrews\.m2\repository\org\apache\commons\commons-exec\1.3\commons-exec-1.3.jar;C:\Users\Swetha Andrews\.m2\repository\org\asynchttpclient\async-http-client\2.12.3\async-http-client-2.12.3.jar;C:\Users\Swetha Andrews\.m2\repository\org\asynchttpclient\async-http-client-netty-utils\2.12.3\async-http-client-netty-utils-2.12.3.jar;C:\Users\Swetha Andrews\.m2\repository\io\netty\netty-codec-socks\4.1.60.Final\netty-codec-socks-4.1.60.Final.jar;C:\Users\Swetha Andrews\.m2\repository\io\netty\netty-handler-proxy\4.1.60.Final\netty-handler-proxy-4.1.60.Final.jar;C:\Users\Swetha Andrews\.m2\repository\io\netty\netty-transport-native-epoll\4.1.60.Final\netty-transport-native-epoll-4.1.60.Final-linux-x86_64.jar;C:\Users\Swetha Andrews\.m2\repository\io\netty\netty-transport-native-kqueue\4.1.60.Final\netty-transport-native-kqueue-4.1.60.Final-osx-x86_64.jar;C:\Users\Swetha Andrews\.m2\repository\org\reactivestreams\reactive-streams\1.0.3\reactive-streams-1.0.3.jar;C:\Users\Swetha Andrews\.m2\repository\com\typesafe\netty\netty-reactive-streams\2.0.4\netty-reactive-streams-2.0.4.jar;C:\Users\Swetha Andrews\.m2\repository\com\sun\activation\jakarta.activation\1.2.2\jakarta.activation-1.2.2.jar;C:\Users\Swetha Andrews\.m2\repository\org\seleniumhq\selenium\selenium-safari-driver\4.11.0\selenium-safari-driver-4.11.0.jar;C:\Users\Swetha Andrews\.m2\repository\org\seleniumhq\selenium\selenium-support\4.11.0\selenium-support-4.11.0.jar;C:\Users\Swetha Andrews\.m2\repository\io\github\bonigarcia\webdrivermanager\4.4.3\webdrivermanager-4.4.3.jar;C:\Users\Swetha Andrews\.m2\repository\org\slf4j\slf4j-api\1.7.30\slf4j-api-1.7.30.jar;C:\Users\Swetha Andrews\.m2\repository\commons-io\commons-io\2.8.0\commons-io-2.8.0.jar;C:\Users\Swetha Andrews\.m2\repository\com\google\code\gson\gson\2.8.6\gson-2.8.6.jar;C:\Users\Swetha Andrews\.m2\repository\org\apache\commons\commons-lang3\3.12.0\commons-lang3-3.12.0.jar;C:\Users\Swetha Andrews\.m2\repository\org\apache\httpcomponents\client5\httpclient5\5.0.3\httpclient5-5.0.3.jar;C:\Users\Swetha Andrews\.m2\repository\org\apache\httpcomponents\core5\httpcore5\5.0.2\httpcore5-5.0.2.jar;C:\Users\Swetha Andrews\.m2\repository\org\apache\httpcomponents\core5\httpcore5-h2\5.0.2\httpcore5-h2-5.0.2.jar;C:\Users\Swetha Andrews\.m2\repository\commons-codec\commons-codec\1.13\commons-codec-1.13.jar;C:\Users\Swetha Andrews\.m2\repository\org\rauschig\jarchivelib\1.1.0\jarchivelib-1.1.0.jar;C:\Users\Swetha Andrews\.m2\repository\org\apache\commons\commons-compress\1.20\commons-compress-1.20.jar;C:\Users\Swetha Andrews\.m2\repository\org\jsoup\jsoup\1.13.1\jsoup-1.13.1.jar;C:\Users\Swetha Andrews\.m2\repository\org\testng\testng\7.7.1\testng-7.7.1.jar;C:\Users\Swetha Andrews\.m2\repository\com\beust\jcommander\1.82\jcommander-1.82.jar;C:\Users\Swetha Andrews\.m2\repository\org\webjars\jquery\3.6.1\jquery-3.6.1.jar;"/>
    <property name="java.vm.vendor" value="Eclipse Adoptium"/>
    <property name="sun.arch.data.model" value="64"/>
    <property name="user.variant" value=""/>
    <property name="java.vendor.url" value="https://adoptium.net/"/>
    <property name="user.timezone" value="Asia/Calcutta"/>
    <property name="os.name" value="Windows 11"/>
    <property name="java.vm.specification.version" value="17"/>
    <property name="sun.java.launcher" value="SUN_STANDARD"/>
    <property name="user.country" value="IN"/>
    <property name="sun.boot.library.path" value="C:\Users\Swetha Andrews\.p2\pool\plugins\org.eclipse.justj.openjdk.hotspot.jre.full.win32.x86_64_17.0.8.v20230831-1047\jre\bin"/>
    <property name="sun.java.command" value="C:\Users\Swetha Andrews\AppData\Local\Temp\surefire7059960029202300101\surefirebooter-20231012223113641_3.jar C:\Users\Swetha Andrews\AppData\Local\Temp\surefire7059960029202300101 2023-10-12T22-31-13_025-jvmRun1 surefire-20231012223113641_1tmp surefire_0-20231012223113641_2tmp"/>
    <property name="jdk.debug" value="release"/>
    <property name="surefire.test.class.path" value="C:\Users\Swetha Andrews\eclipse-workspace\Simplilearn-Project\target\test-classes;C:\Users\Swetha Andrews\eclipse-workspace\Simplilearn-Project\target\classes;C:\Users\Swetha Andrews\.m2\repository\org\seleniumhq\selenium\selenium-java\4.11.0\selenium-java-4.11.0.jar;C:\Users\Swetha Andrews\.m2\repository\org\seleniumhq\selenium\selenium-api\4.11.0\selenium-api-4.11.0.jar;C:\Users\Swetha Andrews\.m2\repository\org\seleniumhq\selenium\selenium-chrome-driver\4.11.0\selenium-chrome-driver-4.11.0.jar;C:\Users\Swetha Andrews\.m2\repository\com\google\auto\service\auto-service-annotations\1.0.1\auto-service-annotations-1.0.1.jar;C:\Users\Swetha Andrews\.m2\repository\com\google\guava\guava\31.1-jre\guava-31.1-jre.jar;C:\Users\Swetha Andrews\.m2\repository\com\google\guava\failureaccess\1.0.1\failureaccess-1.0.1.jar;C:\Users\Swetha Andrews\.m2\repository\com\google\guava\listenablefuture\9999.0-empty-to-avoid-conflict-with-guava\listenablefuture-9999.0-empty-to-avoid-conflict-with-guava.jar;C:\Users\Swetha Andrews\.m2\repository\com\google\code\findbugs\jsr305\3.0.2\jsr305-3.0.2.jar;C:\Users\Swetha Andrews\.m2\repository\org\checkerframework\checker-qual\3.12.0\checker-qual-3.12.0.jar;C:\Users\Swetha Andrews\.m2\repository\com\google\errorprone\error_prone_annotations\2.11.0\error_prone_annotations-2.11.0.jar;C:\Users\Swetha Andrews\.m2\repository\com\google\j2objc\j2objc-annotations\1.3\j2objc-annotations-1.3.jar;C:\Users\Swetha Andrews\.m2\repository\org\seleniumhq\selenium\selenium-chromium-driver\4.11.0\selenium-chromium-driver-4.11.0.jar;C:\Users\Swetha Andrews\.m2\repository\org\seleniumhq\selenium\selenium-json\4.11.0\selenium-json-4.11.0.jar;C:\Users\Swetha Andrews\.m2\repository\org\seleniumhq\selenium\selenium-manager\4.11.0\selenium-manager-4.11.0.jar;C:\Users\Swetha Andrews\.m2\repository\org\seleniumhq\selenium\selenium-devtools-v113\4.11.0\selenium-devtools-v113-4.11.0.jar;C:\Users\Swetha Andrews\.m2\repository\org\seleniumhq\selenium\selenium-devtools-v114\4.11.0\selenium-devtools-v114-4.11.0.jar;C:\Users\Swetha Andrews\.m2\repository\org\seleniumhq\selenium\selenium-devtools-v115\4.11.0\selenium-devtools-v115-4.11.0.jar;C:\Users\Swetha Andrews\.m2\repository\org\seleniumhq\selenium\selenium-devtools-v85\4.11.0\selenium-devtools-v85-4.11.0.jar;C:\Users\Swetha Andrews\.m2\repository\org\seleniumhq\selenium\selenium-edge-driver\4.11.0\selenium-edge-driver-4.11.0.jar;C:\Users\Swetha Andrews\.m2\repository\org\seleniumhq\selenium\selenium-firefox-driver\4.11.0\selenium-firefox-driver-4.11.0.jar;C:\Users\Swetha Andrews\.m2\repository\org\seleniumhq\selenium\selenium-http\4.11.0\selenium-http-4.11.0.jar;C:\Users\Swetha Andrews\.m2\repository\dev\failsafe\failsafe\3.3.1\failsafe-3.3.1.jar;C:\Users\Swetha Andrews\.m2\repository\org\seleniumhq\selenium\selenium-ie-driver\4.11.0\selenium-ie-driver-4.11.0.jar;C:\Users\Swetha Andrews\.m2\repository\org\seleniumhq\selenium\selenium-remote-driver\4.11.0\selenium-remote-driver-4.11.0.jar;C:\Users\Swetha Andrews\.m2\repository\io\netty\netty-buffer\4.1.92.Final\netty-buffer-4.1.92.Final.jar;C:\Users\Swetha Andrews\.m2\repository\io\netty\netty-codec-http\4.1.92.Final\netty-codec-http-4.1.92.Final.jar;C:\Users\Swetha Andrews\.m2\repository\io\netty\netty-codec\4.1.92.Final\netty-codec-4.1.92.Final.jar;C:\Users\Swetha Andrews\.m2\repository\io\netty\netty-handler\4.1.92.Final\netty-handler-4.1.92.Final.jar;C:\Users\Swetha Andrews\.m2\repository\io\netty\netty-common\4.1.92.Final\netty-common-4.1.92.Final.jar;C:\Users\Swetha Andrews\.m2\repository\io\netty\netty-transport-classes-epoll\4.1.92.Final\netty-transport-classes-epoll-4.1.92.Final.jar;C:\Users\Swetha Andrews\.m2\repository\io\netty\netty-transport-classes-kqueue\4.1.92.Final\netty-transport-classes-kqueue-4.1.92.Final.jar;C:\Users\Swetha Andrews\.m2\repository\io\netty\netty-transport-native-epoll\4.1.92.Final\netty-transport-native-epoll-4.1.92.Final.jar;C:\Users\Swetha Andrews\.m2\repository\io\netty\netty-transport-native-kqueue\4.1.92.Final\netty-transport-native-kqueue-4.1.92.Final.jar;C:\Users\Swetha Andrews\.m2\repository\io\netty\netty-transport-native-unix-common\4.1.92.Final\netty-transport-native-unix-common-4.1.92.Final.jar;C:\Users\Swetha Andrews\.m2\repository\io\netty\netty-transport\4.1.92.Final\netty-transport-4.1.92.Final.jar;C:\Users\Swetha Andrews\.m2\repository\io\netty\netty-resolver\4.1.92.Final\netty-resolver-4.1.92.Final.jar;C:\Users\Swetha Andrews\.m2\repository\io\opentelemetry\opentelemetry-api\1.26.0\opentelemetry-api-1.26.0.jar;C:\Users\Swetha Andrews\.m2\repository\io\opentelemetry\opentelemetry-context\1.26.0\opentelemetry-context-1.26.0.jar;C:\Users\Swetha Andrews\.m2\repository\io\opentelemetry\opentelemetry-exporter-logging\1.26.0\opentelemetry-exporter-logging-1.26.0.jar;C:\Users\Swetha Andrews\.m2\repository\io\opentelemetry\opentelemetry-sdk-metrics\1.26.0\opentelemetry-sdk-metrics-1.26.0.jar;C:\Users\Swetha Andrews\.m2\repository\io\opentelemetry\opentelemetry-extension-incubator\1.26.0-alpha\opentelemetry-extension-incubator-1.26.0-alpha.jar;C:\Users\Swetha Andrews\.m2\repository\io\opentelemetry\opentelemetry-sdk-logs\1.26.0-alpha\opentelemetry-sdk-logs-1.26.0-alpha.jar;C:\Users\Swetha Andrews\.m2\repository\io\opentelemetry\opentelemetry-api-logs\1.26.0-alpha\opentelemetry-api-logs-1.26.0-alpha.jar;C:\Users\Swetha Andrews\.m2\repository\io\opentelemetry\opentelemetry-api-events\1.26.0-alpha\opentelemetry-api-events-1.26.0-alpha.jar;C:\Users\Swetha Andrews\.m2\repository\io\opentelemetry\opentelemetry-sdk-common\1.26.0\opentelemetry-sdk-common-1.26.0.jar;C:\Users\Swetha Andrews\.m2\repository\io\opentelemetry\opentelemetry-sdk-extension-autoconfigure-spi\1.26.0\opentelemetry-sdk-extension-autoconfigure-spi-1.26.0.jar;C:\Users\Swetha Andrews\.m2\repository\io\opentelemetry\opentelemetry-sdk-extension-autoconfigure\1.26.0-alpha\opentelemetry-sdk-extension-autoconfigure-1.26.0-alpha.jar;C:\Users\Swetha Andrews\.m2\repository\io\opentelemetry\opentelemetry-sdk-trace\1.26.0\opentelemetry-sdk-trace-1.26.0.jar;C:\Users\Swetha Andrews\.m2\repository\io\opentelemetry\opentelemetry-sdk\1.26.0\opentelemetry-sdk-1.26.0.jar;C:\Users\Swetha Andrews\.m2\repository\io\opentelemetry\opentelemetry-semconv\1.26.0-alpha\opentelemetry-semconv-1.26.0-alpha.jar;C:\Users\Swetha Andrews\.m2\repository\net\bytebuddy\byte-buddy\1.14.4\byte-buddy-1.14.4.jar;C:\Users\Swetha Andrews\.m2\repository\org\apache\commons\commons-exec\1.3\commons-exec-1.3.jar;C:\Users\Swetha Andrews\.m2\repository\org\asynchttpclient\async-http-client\2.12.3\async-http-client-2.12.3.jar;C:\Users\Swetha Andrews\.m2\repository\org\asynchttpclient\async-http-client-netty-utils\2.12.3\async-http-client-netty-utils-2.12.3.jar;C:\Users\Swetha Andrews\.m2\repository\io\netty\netty-codec-socks\4.1.60.Final\netty-codec-socks-4.1.60.Final.jar;C:\Users\Swetha Andrews\.m2\repository\io\netty\netty-handler-proxy\4.1.60.Final\netty-handler-proxy-4.1.60.Final.jar;C:\Users\Swetha Andrews\.m2\repository\io\netty\netty-transport-native-epoll\4.1.60.Final\netty-transport-native-epoll-4.1.60.Final-linux-x86_64.jar;C:\Users\Swetha Andrews\.m2\repository\io\netty\netty-transport-native-kqueue\4.1.60.Final\netty-transport-native-kqueue-4.1.60.Final-osx-x86_64.jar;C:\Users\Swetha Andrews\.m2\repository\org\reactivestreams\reactive-streams\1.0.3\reactive-streams-1.0.3.jar;C:\Users\Swetha Andrews\.m2\repository\com\typesafe\netty\netty-reactive-streams\2.0.4\netty-reactive-streams-2.0.4.jar;C:\Users\Swetha Andrews\.m2\repository\com\sun\activation\jakarta.activation\1.2.2\jakarta.activation-1.2.2.jar;C:\Users\Swetha Andrews\.m2\repository\org\seleniumhq\selenium\selenium-safari-driver\4.11.0\selenium-safari-driver-4.11.0.jar;C:\Users\Swetha Andrews\.m2\repository\org\seleniumhq\selenium\selenium-support\4.11.0\selenium-support-4.11.0.jar;C:\Users\Swetha Andrews\.m2\repository\io\github\bonigarcia\webdrivermanager\4.4.3\webdrivermanager-4.4.3.jar;C:\Users\Swetha Andrews\.m2\repository\org\slf4j\slf4j-api\1.7.30\slf4j-api-1.7.30.jar;C:\Users\Swetha Andrews\.m2\repository\commons-io\commons-io\2.8.0\commons-io-2.8.0.jar;C:\Users\Swetha Andrews\.m2\repository\com\google\code\gson\gson\2.8.6\gson-2.8.6.jar;C:\Users\Swetha Andrews\.m2\repository\org\apache\commons\commons-lang3\3.12.0\commons-lang3-3.12.0.jar;C:\Users\Swetha Andrews\.m2\repository\org\apache\httpcomponents\client5\httpclient5\5.0.3\httpclient5-5.0.3.jar;C:\Users\Swetha Andrews\.m2\repository\org\apache\httpcomponents\core5\httpcore5\5.0.2\httpcore5-5.0.2.jar;C:\Users\Swetha Andrews\.m2\repository\org\apache\httpcomponents\core5\httpcore5-h2\5.0.2\httpcore5-h2-5.0.2.jar;C:\Users\Swetha Andrews\.m2\repository\commons-codec\commons-codec\1.13\commons-codec-1.13.jar;C:\Users\Swetha Andrews\.m2\repository\org\rauschig\jarchivelib\1.1.0\jarchivelib-1.1.0.jar;C:\Users\Swetha Andrews\.m2\repository\org\apache\commons\commons-compress\1.20\commons-compress-1.20.jar;C:\Users\Swetha Andrews\.m2\repository\org\jsoup\jsoup\1.13.1\jsoup-1.13.1.jar;C:\Users\Swetha Andrews\.m2\repository\org\testng\testng\7.7.1\testng-7.7.1.jar;C:\Users\Swetha Andrews\.m2\repository\com\beust\jcommander\1.82\jcommander-1.82.jar;C:\Users\Swetha Andrews\.m2\repository\org\webjars\jquery\3.6.1\jquery-3.6.1.jar;"/>
    <property name="sun.cpu.endian" value="little"/>
    <property name="user.home" value="C:\Users\Swetha Andrews"/>
    <property name="user.language" value="en"/>
    <property name="java.specification.vendor" value="Oracle Corporation"/>
    <property name="java.version.date" value="2023-08-24"/>
    <property name="java.home" value="C:\Users\Swetha Andrews\.p2\pool\plugins\org.eclipse.justj.openjdk.hotspot.jre.full.win32.x86_64_17.0.8.v20230831-1047\jre"/>
    <property name="file.separator" value="\"/>
    <property name="style.color" value="always"/>
    <property name="basedir" value="C:\Users\Swetha Andrews\eclipse-workspace\Simplilearn-Project"/>
    <property name="java.vm.compressedOopsMode" value="Zero based"/>
    <property name="line.separator" value="&#10;"/>
    <property name="java.vm.specification.vendor" value="Oracle Corporation"/>
    <property name="java.specification.name" value="Java Platform API Specification"/>
    <property name="surefire.real.class.path" value="C:\Users\Swetha Andrews\AppData\Local\Temp\surefire7059960029202300101\surefirebooter-20231012223113641_3.jar"/>
    <property name="user.script" value=""/>
    <property name="sun.management.compiler" value="HotSpot 64-Bit Tiered Compilers"/>
    <property name="java.runtime.version" value="17.0.8.1+1"/>
    <property name="user.name" value="Swetha Andrews"/>
    <property name="path.separator" value=";"/>
    <property name="os.version" value="10.0"/>
    <property name="java.runtime.name" value="OpenJDK Runtime Environment"/>
    <property name="file.encoding" value="Cp1252"/>
    <property name="java.vm.name" value="OpenJDK 64-Bit Server VM"/>
    <property name="java.vendor.version" value="Temurin-17.0.8.1+1"/>
    <property name="localRepository" value="C:\Users\Swetha Andrews\.m2\repository"/>
    <property name="java.vendor.url.bug" value="https://github.com/adoptium/adoptium-support/issues"/>
    <property name="java.io.tmpdir" value="C:\Users\SWETHA~1\AppData\Local\Temp\"/>
    <property name="java.version" value="17.0.8.1"/>
    <property name="user.dir" value="C:\Users\Swetha Andrews\eclipse-workspace\Simplilearn-Project"/>
    <property name="os.arch" value="amd64"/>
    <property name="java.vm.specification.name" value="Java Virtual Machine Specification"/>
    <property name="sun.os.patch.level" value=""/>
    <property name="native.encoding" value="Cp1252"/>
    <property name="java.library.path" value="C:\Users\Swetha Andrews\.p2\pool\plugins\org.eclipse.justj.openjdk.hotspot.jre.full.win32.x86_64_17.0.8.v20230831-1047\jre\bin;C:\windows\Sun\Java\bin;C:\windows\system32;C:\windows;C:/Users/Swetha Andrews/.p2/pool/plugins/org.eclipse.justj.openjdk.hotspot.jre.full.win32.x86_64_17.0.8.v20230831-1047/jre/bin/server;C:/Users/Swetha Andrews/.p2/pool/plugins/org.eclipse.justj.openjdk.hotspot.jre.full.win32.x86_64_17.0.8.v20230831-1047/jre/bin;C:\Program Files\Common Files\Oracle\Java\javapath;C:\windows\system32;C:\windows;C:\windows\System32\Wbem;C:\windows\System32\WindowsPowerShell\v1.0\;C:\windows\System32\OpenSSH\;C:\Program Files\Git\cmd;C:\Program Files\Java\jdk-11\bin;C:\Program Files\nodejs\;C:\Program Files\MySQL\MySQL Shell 8.0\bin\;C:\Users\Swetha Andrews\AppData\Local\Microsoft\WindowsApps;C:\Users\Swetha Andrews\AppData\Roaming\npm;C:\Users\Swetha Andrews\Desktop;;."/>
    <property name="java.vm.info" value="mixed mode"/>
    <property name="java.vendor" value="Eclipse Adoptium"/>
    <property name="java.vm.version" value="17.0.8.1+1"/>
    <property name="sun.io.unicode.encoding" value="UnicodeLittle"/>
    <property name="java.class.version" value="61.0"/>
  </properties>
  <testcase name="titleTest" classname="com.simplilearn.testpage.HomePageTest" time="0.02">
    <system-out><![CDATA[Home Page Title Name: Simplilearn | Online Courses - Bootcamp & Certification Platform
]]></system-out>
    <system-err><![CDATA[SLF4J: Failed to load class "org.slf4j.impl.StaticLoggerBinder".
SLF4J: Defaulting to no-operation (NOP) logger implementation
SLF4J: See http://www.slf4j.org/codes.html#StaticLoggerBinder for further details.
Oct 12, 2023 10:31:21 PM org.openqa.selenium.devtools.CdpVersionFinder findNearestMatch
WARNING: Unable to find an exact match for CDP version 118, so returning the closest version found: 115
]]></system-err>
  </testcase>
  <testcase name="isAllCoursesTest" classname="com.simplilearn.testpage.HomePageTest" time="2.06"/>
  <testcase name="getAllCourses" classname="com.simplilearn.testpage.HomePageTest" time="0.52">
    <system-out><![CDATA[COURSE CATEGORIES
Data Science & Business Analytics
POPULAR COURSES
Applied Data Science with Python
UNIVERSITY PROGRAMS
Professional Certificate Course in Data Science
IIT Kanpur
Caltech Post Graduate Program in Data Science
Caltech CTME
Professional Certificate Course in Data Analytics
IIT Kanpur
MASTERS PROGRAM
Data Scientist
9 courses | Duration: 11 Months
In Collaboration With IBM
Simplilearn JobAssist Program
Data Analyst
9 courses | Duration: 11 Months
In Collaboration With IBM
Simplilearn JobAssist Program
EXPLORE THE CATEGORY
AI & Machine Learning
Project Management
Cyber Security
Cloud Computing
DevOps
Business and Leadership
Quality Management
Software Development
Agile and Scrum
IT Service and Architecture
Digital Marketing
Big Data
]]></system-out>
  </testcase>
</testsuite>