<?xml version="1.0" encoding="UTF-8"?>
<!-- Generated by org.testng.reporters.JUnitReportReporter -->
<testsuite hostname="LAPTOP-UN0G5FL5" failures="0" tests="3" name="com.simplilearn.testpage.HomePageTest" time="2.633" errors="0" timestamp="2023-10-12T22:41:02 IST" skipped="0">
  <testcase classname="com.simplilearn.testpage.HomePageTest" name="titleTest" time="0.022"/>
  <system-out/>
  <testcase classname="com.simplilearn.testpage.HomePageTest" name="isAllCoursesTest" time="2.064"/>
  <system-out/>
  <testcase classname="com.simplilearn.testpage.HomePageTest" name="getAllCourses" time="0.547"/>
  <system-out/>
</testsuite> <!-- com.simplilearn.testpage.HomePageTest -->
