<?xml version="1.0" encoding="UTF-8"?>
<!-- Generated by org.testng.reporters.JUnitReportReporter -->
<testsuite hostname="LAPTOP-UN0G5FL5" failures="0" tests="3" name="com.simplilearn.testpage.HomePageTest" time="2.596" errors="0" timestamp="2023-10-12T22:31:26 IST" skipped="0">
  <testcase classname="com.simplilearn.testpage.HomePageTest" name="titleTest" time="0.018"/>
  <system-out/>
  <testcase classname="com.simplilearn.testpage.HomePageTest" name="isAllCoursesTest" time="2.061"/>
  <system-out/>
  <testcase classname="com.simplilearn.testpage.HomePageTest" name="getAllCourses" time="0.517"/>
  <system-out/>
</testsuite> <!-- com.simplilearn.testpage.HomePageTest -->
